<?xml version="1.0" encoding="UTF-8"?>
<!-- Generated by org.testng.reporters.JUnitXMLReporter -->
<testsuite hostname="DESKTOP-S1OI3QD" ignored="4" tests="0" failures="0" timestamp="31 Jan 2020 13:44:30 GMT" time="0.005" errors="0">
  <testcase name="BrowserAutomation" time="0.0" classname="qaclickacademy.seleniumTest">
    <ignored/>
  </testcase> <!-- BrowserAutomation -->
  <testcase name="elementUi" time="0.0" classname="qaclickacademy.seleniumTest">
    <ignored/>
  </testcase> <!-- elementUi -->
  <testcase name="IOSApps" time="0.0" classname="qaclickacademy.AppiumTest">
    <ignored/>
  </testcase> <!-- IOSApps -->
  <testcase name="NativeAppAndroid" time="0.0" classname="qaclickacademy.AppiumTest">
    <ignored/>
  </testcase> <!-- NativeAppAndroid -->
</testsuite>
