<?xml version="1.0" encoding="UTF-8"?>
<!-- Generated by org.testng.reporters.JUnitXMLReporter -->
<testsuite hostname="DESKTOP-S1OI3QD" ignored="0" name="Test" tests="6" failures="0" timestamp="31 Jan 2020 13:43:08 GMT" time="0.047" errors="0">
  <testcase name="IOSApps" time="0.013" classname="qaclickacademy.AppiumTest"/>
  <testcase name="NativeAppAndroid" time="0.001" classname="qaclickacademy.AppiumTest"/>
  <testcase name="deleteTwitter" time="0.001" classname="qaclickacademy.RESTAPITest"/>
  <testcase name="postjira" time="0.001" classname="qaclickacademy.RESTAPITest"/>
  <testcase name="BrowserAutomation" time="0.001" classname="qaclickacademy.seleniumTest"/>
  <testcase name="elementUi" time="0.0" classname="qaclickacademy.seleniumTest"/>
</testsuite> <!-- Test -->
